javaldx: Could not find a Java Runtime Environment!
Warning: failed to read path from javaldx

(soffice:5884): Gdk-WARNING **: gdk_window_set_icon_list: icons too large

(soffice:5884): Gdk-WARNING **: gdk_window_set_icon_list: icons too large

** (soffice:5884): WARNING **: Unknown event notification 36

** (soffice:5884): WARNING **: Unknown event notification 36

** (soffice:5884): WARNING **: Unknown event notification 36
ERROR 2019-12-02 18:54:37 unity.decoration.shape DecorationsShape.cpp:73 Failed to get shape rectangles
compiz (opengl) - Error: Impossible to bind a pixmap bigger than 16384x16384 to texture.
ERROR 2019-12-02 18:54:37 unity.decoration.shape DecorationsShape.cpp:73 Failed to get shape rectangles
compiz (opengl) - Error: Impossible to bind a pixmap bigger than 16384x16384 to texture.
ERROR 2019-12-02 18:54:38 unity.decoration.shape DecorationsShape.cpp:73 Failed to get shape rectangles
compiz (opengl) - Error: Impossible to bind a pixmap bigger than 16384x16384 to texture.
ERROR 2019-12-02 18:54:38 unity.decoration.shape DecorationsShape.cpp:73 Failed to get shape rectangles
compiz (opengl) - Error: Impossible to bind a pixmap bigger than 16384x16384 to texture.

** (soffice:5884): WARNING **: Unknown event notification 36

** (soffice:5884): WARNING **: Unknown event notification 36

** (soffice:5884): WARNING **: Unknown event notification 36

** (soffice:5884): WARNING **: Unknown event notification 36

** (soffice:5884): WARNING **: Unknown event notification 36

** (soffice:5884): WARNING **: Unknown event notification 36

** (soffice:5884): WARNING **: Unknown event notification 36

** (soffice:5884): WARNING **: Unknown event notification 36

** (soffice:5884): WARNING **: Unknown event notification 36

** (soffice:5884): WARNING **: Unknown event notification 36

** (soffice:5884): WARNING **: Unknown event notification 36

** (soffice:5884): WARNING **: Unknown event notification 36

** (soffice:5884): WARNING **: Unknown event notification 36

** (soffice:5884): WARNING **: Unknown event notification 36

** (soffice:5884): WARNING **: Unknown event notification 36

** (soffice:5884): WARNING **: Unknown event notification 36
